{"numTotalTestSuites":125,"numPassedTestSuites":94,"numFailedTestSuites":31,"numPendingTestSuites":0,"numTotalTests":236,"numPassedTests":114,"numFailedTests":4,"numPendingTests":118,"numTodoTests":0,"snapshot":{"added":0,"failure":false,"filesAdded":0,"filesRemoved":0,"filesRemovedList":[],"filesUnmatched":0,"filesUpdated":0,"matched":0,"total":0,"unchecked":0,"uncheckedKeysByFile":[],"unmatched":0,"updated":0,"didUpdate":false},"startTime":1788421136811,"success":false,"testResults":[{"assertionResults":[{"ancestorTitles":["Data Formatter Service","formatPurchaseRequest"],"fullName":"Data Formatter Service formatPurchaseRequest should transform PurchaseRequestRecord into template-ready format","status":"passed","title":"should transform PurchaseRequestRecord into template-ready format","duration":4.822000000000003,"failureMessages":[],"meta":{},"tags":[]},{"ancestorTitles":["Data Formatter Service","formatPurchaseRequest"],"fullName":"Data Formatter Service formatPurchaseRequest should add sequential numbers to line items","status":"passed","title":"should add sequential numbers to line items","duration":0.2372000000000014,"failureMessages":[],"meta":{},"tags":[]},{"ancestorTitles":["Data Formatter Service","formatPurchaseRequest"],"fullName":"Data Formatter Service formatPurchaseRequest should generate document title from document number","status":"passed","title":"should generate document title from document number","duration":0.5137,"failureMessages":[],"meta":{},"tags":[]},{"ancestorTitles":["Data Formatter Service","formatPurchaseRequest"],"fullName":"Data Formatter Service formatPurchaseRequest should format generatedDate as ISO date string","status":"passed","title":"should format generatedDate as ISO date string","duration":0.5216000000000065,"failureMessages":[],"meta":{},"tags":[]},{"ancestorTitles":["Data Formatter Service","formatPurchaseRequest"],"fullName":"Data Formatter Service formatPurchaseRequest should include company information","status":"passed","title":"should include company information","duration":0.44939999999999714,"failureMessages":[],"meta":{},"tags":[]},{"ancestorTitles":["Data Formatter Service","formatPurchaseRequest"],"fullName":"Data Formatter Service formatPurchaseRequest should handle missing optional fields gracefully","status":"passed","title":"should handle missing optional fields gracefully","duration":0.907100000000014,"failureMessages":[],"meta":{},"tags":[]},{"ancestorTitles":["Data Formatter Service","formatPurchaseOrder"],"fullName":"Data Formatter Service formatPurchaseOrder should transform PurchaseOrderRecord into template-ready format","status":"passed","title":"should transform PurchaseOrderRecord into template-ready format","duration":0.533299999999997,"failureMessages":[],"meta":{},"tags":[]},{"ancestorTitles":["Data Formatter Service","formatPurchaseOrder"],"fullName":"Data Formatter Service formatPurchaseOrder should add sequential numbers to line items","status":"passed","title":"should add sequential numbers to line items","duration":0.20120000000000005,"failureMessages":[],"meta":{},"tags":[]},{"ancestorTitles":["Data Formatter Service","formatPurchaseOrder"],"fullName":"Data Formatter Service formatPurchaseOrder should include financial calculations","status":"passed","title":"should include financial calculations","duration":0.16779999999999973,"failureMessages":[],"meta":{},"tags":[]},{"ancestorTitles":["Data Formatter Service","formatInvoice"],"fullName":"Data Formatter Service formatInvoice should transform Invoice record into template-ready format","status":"passed","title":"should transform Invoice record into template-ready format","duration":0.5789000000000044,"failureMessages":[],"meta":{},"tags":[]},{"ancestorTitles":["Data Formatter Service","formatInvoice"],"fullName":"Data Formatter Service formatInvoice should add sequential numbers to line items","status":"passed","title":"should add sequential numbers to line items","duration":0.21630000000001814,"failureMessages":[],"meta":{},"tags":[]},{"ancestorTitles":["Data Formatter Service","formatInvoice"],"fullName":"Data Formatter Service formatInvoice should format invoice dates correctly","status":"passed","title":"should format invoice dates correctly","duration":0.133199999999988,"failureMessages":[],"meta":{},"tags":[]},{"ancestorTitles":["Data Formatter Service","formatSupplier"],"fullName":"Data Formatter Service formatSupplier should transform Supplier record into template-ready format","status":"passed","title":"should transform Supplier record into template-ready format","duration":0.17629999999999768,"failureMessages":[],"meta":{},"tags":[]},{"ancestorTitles":["Data Formatter Service","formatSupplier"],"fullName":"Data Formatter Service formatSupplier should use placeholder text for missing fields","status":"passed","title":"should use placeholder text for missing fields","duration":0.10150000000001569,"failureMessages":[],"meta":{},"tags":[]},{"ancestorTitles":["Data Formatter Service","formatSupplier"],"fullName":"Data Formatter Service formatSupplier should handle minimal supplier data","status":"passed","title":"should handle minimal supplier data","duration":0.0922999999999945,"failureMessages":[],"meta":{},"tags":[]},{"ancestorTitles":["Data Formatter Service","formatSupplier"],"fullName":"Data Formatter Service formatSupplier should preserve supplier name exactly","status":"passed","title":"should preserve supplier name exactly","duration":0.08949999999998681,"failureMessages":[],"meta":{},"tags":[]},{"ancestorTitles":["Data Formatter Service","Integration tests"],"fullName":"Data Formatter Service Integration tests should work with template renderer data format","status":"passed","title":"should work with template renderer data format","duration":0.18189999999998463,"failureMessages":[],"meta":{},"tags":[]},{"ancestorTitles":["Data Formatter Service","Integration tests"],"fullName":"Data Formatter Service Integration tests should handle records with null payload gracefully","status":"passed","title":"should handle records with null payload gracefully","duration":0.6641999999999939,"failureMessages":[],"meta":{},"tags":[]}],"startTime":1788421207653,"endTime":1788421207663.6643,"status":"passed","message":"","name":"C:/Users/mch/Desktop/FYP/FYP-MoeyChingWei/backend/test/data-formatter.test.js"},{"assertionResults":[{"ancestorTitles":["automated email item images"],"fullName":"automated email item images embeds data URL images as inline CID attachments","status":"passed","title":"embeds data URL images as inline CID attachments","duration":20.768800000000056,"failureMessages":[],"meta":{},"tags":[]}],"startTime":1788421205234,"endTime":1788421205254.7688,"status":"passed","message":"","name":"C:/Users/mch/Desktop/FYP/FYP-MoeyChingWei/backend/test/email-image-rendering.test.js"},{"assertionResults":[{"ancestorTitles":["Export Service","exportToPDF"],"fullName":"Export Service exportToPDF should export purchase request to PDF","status":"passed","title":"should export purchase request to PDF","duration":479.67060000000004,"failureMessages":[],"meta":{},"tags":[]},{"ancestorTitles":["Export Service","exportToPDF"],"fullName":"Export Service exportToPDF should export purchase order to PDF","status":"passed","title":"should export purchase order to PDF","duration":176.90750000000003,"failureMessages":[],"meta":{},"tags":[]},{"ancestorTitles":["Export Service","exportToPDF"],"fullName":"Export Service exportToPDF should export invoice to PDF","status":"passed","title":"should export invoice to PDF","duration":153.0257999999999,"failureMessages":[],"meta":{},"tags":[]},{"ancestorTitles":["Export Service","exportToPDF"],"fullName":"Export Service exportToPDF should export supplier to PDF","status":"passed","title":"should export supplier to PDF","duration":138.46890000000008,"failureMessages":[],"meta":{},"tags":[]},{"ancestorTitles":["Export Service","exportToPDF"],"fullName":"Export Service exportToPDF should throw error for invalid data type","status":"passed","title":"should throw error for invalid data type","duration":1.8709000000001197,"failureMessages":[],"meta":{},"tags":[]},{"ancestorTitles":["Export Service","exportToExcel"],"fullName":"Export Service exportToExcel should export purchase request to Excel","status":"passed","title":"should export purchase request to Excel","duration":39.39249999999993,"failureMessages":[],"meta":{},"tags":[]},{"ancestorTitles":["Export Service","exportToExcel"],"fullName":"Export Service exportToExcel should export purchase order to Excel","status":"passed","title":"should export purchase order to Excel","duration":8.003800000000183,"failureMessages":[],"meta":{},"tags":[]},{"ancestorTitles":["Export Service","exportToExcel"],"fullName":"Export Service exportToExcel should export invoice to Excel","status":"passed","title":"should export invoice to Excel","duration":5.440199999999777,"failureMessages":[],"meta":{},"tags":[]},{"ancestorTitles":["Export Service","exportToExcel"],"fullName":"Export Service exportToExcel should export supplier to Excel","status":"passed","title":"should export supplier to Excel","duration":5.6474000000000615,"failureMessages":[],"meta":{},"tags":[]},{"ancestorTitles":["Export Service","exportToExcel"],"fullName":"Export Service exportToExcel should throw error for invalid data type","status":"passed","title":"should throw error for invalid data type","duration":0.5906999999999698,"failureMessages":[],"meta":{},"tags":[]},{"ancestorTitles":["Export Service","exportToCSV"],"fullName":"Export Service exportToCSV should export purchase request to CSV","status":"passed","title":"should export purchase request to CSV","duration":2.8657000000000608,"failureMessages":[],"meta":{},"tags":[]},{"ancestorTitles":["Export Service","exportToCSV"],"fullName":"Export Service exportToCSV should export purchase order to CSV","status":"passed","title":"should export purchase order to CSV","duration":1.720199999999977,"failureMessages":[],"meta":{},"tags":[]},{"ancestorTitles":["Export Service","exportToCSV"],"fullName":"Export Service exportToCSV should export invoice to CSV","status":"passed","title":"should export invoice to CSV","duration":2.1476000000000113,"failureMessages":[],"meta":{},"tags":[]},{"ancestorTitles":["Export Service","exportToCSV"],"fullName":"Export Service exportToCSV should export supplier to CSV","status":"passed","title":"should export supplier to CSV","duration":1.6148000000000593,"failureMessages":[],"meta":{},"tags":[]},{"ancestorTitles":["Export Service","exportToCSV"],"fullName":"Export Service exportToCSV should throw error for invalid data type","status":"passed","title":"should throw error for invalid data type","duration":0.22669999999993706,"failureMessages":[],"meta":{},"tags":[]},{"ancestorTitles":["Export Service","exportToJSON"],"fullName":"Export Service exportToJSON should export data to JSON","status":"passed","title":"should export data to JSON","duration":1.9765999999999622,"failureMessages":[],"meta":{},"tags":[]},{"ancestorTitles":["Export Service","exportToJSON"],"fullName":"Export Service exportToJSON should handle complex nested data","status":"passed","title":"should handle complex nested data","duration":1.6222000000000207,"failureMessages":[],"meta":{},"tags":[]},{"ancestorTitles":["Export Service","exportToJSON"],"fullName":"Export Service exportToJSON should throw error for non-serializable data","status":"passed","title":"should throw error for non-serializable data","duration":0.2536999999999807,"failureMessages":[],"meta":{},"tags":[]},{"ancestorTitles":["Export Service","Integration Tests"],"fullName":"Export Service Integration Tests should handle multiple export formats for same data","status":"passed","title":"should handle multiple export formats for same data","duration":168.43639999999982,"failureMessages":[],"meta":{},"tags":[]},{"ancestorTitles":["Export Service","Integration Tests"],"fullName":"Export Service Integration Tests should properly clean up resources","status":"passed","title":"should properly clean up resources","duration":607.3381999999999,"failureMessages":[],"meta":{},"tags":[]}],"startTime":1788421194337,"endTime":1788421196135.3381,"status":"passed","message":"","name":"C:/Users/mch/Desktop/FYP/FYP-MoeyChingWei/backend/test/export-service.test.js"},{"assertionResults":[{"ancestorTitles":["finance calculation summaries"],"fullName":"finance calculation summaries shows the invoice subtotal, tax, and payable total in an email","status":"passed","title":"shows the invoice subtotal, tax, and payable total in an email","duration":18.49290000000019,"failureMessages":[],"meta":{},"tags":[]},{"ancestorTitles":["finance calculation summaries"],"fullName":"finance calculation summaries shows the tax-backed paid amount in a payment advice PDF","status":"passed","title":"shows the tax-backed paid amount in a payment advice PDF","duration":6.843199999999797,"failureMessages":[],"meta":{},"tags":[]}],"startTime":1788421207372,"endTime":1788421207397.8433,"status":"passed","message":"","name":"C:/Users/mch/Desktop/FYP/FYP-MoeyChingWei/backend/test/finance-email-calculation-summary.test.js"},{"assertionResults":[{"ancestorTitles":["PDF Generator Service","generatePDF"],"fullName":"PDF Generator Service generatePDF should generate PDF from HTML string","status":"passed","title":"should generate PDF from HTML string","duration":405.0153,"failureMessages":[],"meta":{},"tags":[]},{"ancestorTitles":["PDF Generator Service","generatePDF"],"fullName":"PDF Generator Service generatePDF should generate PDF with custom options","status":"passed","title":"should generate PDF with custom options","duration":101.9031,"failureMessages":[],"meta":{},"tags":[]},{"ancestorTitles":["PDF Generator Service","generatePDF"],"fullName":"PDF Generator Service generatePDF should handle invalid HTML gracefully","status":"passed","title":"should handle invalid HTML gracefully","duration":106.6527000000001,"failureMessages":[],"meta":{},"tags":[]},{"ancestorTitles":["PDF Generator Service","generatePDF"],"fullName":"PDF Generator Service generatePDF should throw error for invalid output path","status":"passed","title":"should throw error for invalid output path","duration":1.9157999999999902,"failureMessages":[],"meta":{},"tags":[]},{"ancestorTitles":["PDF Generator Service","generatePDF"],"fullName":"PDF Generator Service generatePDF should handle empty HTML string","status":"passed","title":"should handle empty HTML string","duration":95.62969999999984,"failureMessages":[],"meta":{},"tags":[]},{"ancestorTitles":["PDF Generator Service","generatePDFFromTemplate"],"fullName":"PDF Generator Service generatePDFFromTemplate should generate PDF from template name and data","status":"passed","title":"should generate PDF from template name and data","duration":167.80610000000001,"failureMessages":[],"meta":{},"tags":[]},{"ancestorTitles":["PDF Generator Service","generatePDFFromTemplate"],"fullName":"PDF Generator Service generatePDFFromTemplate should throw error for non-existent template","status":"passed","title":"should throw error for non-existent template","duration":1.4511999999999716,"failureMessages":[],"meta":{},"tags":[]},{"ancestorTitles":["PDF Generator Service","Browser management"],"fullName":"PDF Generator Service Browser management should initialize browser on first use","status":"passed","title":"should initialize browser on first use","duration":470.12979999999993,"failureMessages":[],"meta":{},"tags":[]},{"ancestorTitles":["PDF Generator Service","Browser management"],"fullName":"PDF Generator Service Browser management should close browser cleanly","status":"passed","title":"should close browser cleanly","duration":873.2162000000001,"failureMessages":[],"meta":{},"tags":[]},{"ancestorTitles":["PDF Generator Service","End-to-end workflow"],"fullName":"PDF Generator Service End-to-end workflow should render template and generate PDF","status":"passed","title":"should render template and generate PDF","duration":156.6613000000002,"failureMessages":[],"meta":{},"tags":[]}],"startTime":1788421191193,"endTime":1788421193574.6614,"status":"passed","message":"","name":"C:/Users/mch/Desktop/FYP/FYP-MoeyChingWei/backend/test/pdf-generator.test.js"},{"assertionResults":[{"ancestorTitles":["Template Renderer Service","renderTemplate"],"fullName":"Template Renderer Service renderTemplate should render purchase-request template with data","status":"passed","title":"should render purchase-request template with data","duration":19.0959,"failureMessages":[],"meta":{},"tags":[]},{"ancestorTitles":["Template Renderer Service","renderTemplate"],"fullName":"Template Renderer Service renderTemplate should include CSS styles in rendered output","status":"passed","title":"should include CSS styles in rendered output","duration":1.4351000000000056,"failureMessages":[],"meta":{},"tags":[]},{"ancestorTitles":["Template Renderer Service","renderTemplate"],"fullName":"Template Renderer Service renderTemplate should include header partial in rendered output","status":"passed","title":"should include header partial in rendered output","duration":1.2084999999999866,"failureMessages":[],"meta":{},"tags":[]},{"ancestorTitles":["Template Renderer Service","renderTemplate"],"fullName":"Template Renderer Service renderTemplate should include footer partial in rendered output","status":"passed","title":"should include footer partial in rendered output","duration":1.2434000000000083,"failureMessages":[],"meta":{},"tags":[]},{"ancestorTitles":["Template Renderer Service","renderTemplate"],"fullName":"Template Renderer Service renderTemplate should include signature partial in rendered output","status":"passed","title":"should include signature partial in rendered output","duration":1.0480999999999767,"failureMessages":[],"meta":{},"tags":[]},{"ancestorTitles":["Template Renderer Service","renderTemplate"],"fullName":"Template Renderer Service renderTemplate should handle missing optional fields","status":"passed","title":"should handle missing optional fields","duration":0.9656999999999982,"failureMessages":[],"meta":{},"tags":[]},{"ancestorTitles":["Template Renderer Service","renderTemplate"],"fullName":"Template Renderer Service renderTemplate should iterate over line items correctly","status":"passed","title":"should iterate over line items correctly","duration":1.289999999999992,"failureMessages":[],"meta":{},"tags":[]},{"ancestorTitles":["Template Renderer Service","renderTemplate"],"fullName":"Template Renderer Service renderTemplate should throw error for non-existent template","status":"passed","title":"should throw error for non-existent template","duration":2.322900000000004,"failureMessages":[],"meta":{},"tags":[]},{"ancestorTitles":["Template Renderer Service","renderTemplate"],"fullName":"Template Renderer Service renderTemplate should handle empty data gracefully","status":"passed","title":"should handle empty data gracefully","duration":0.6993999999999971,"failureMessages":[],"meta":{},"tags":[]}],"startTime":1788421202033,"endTime":1788421202062.6995,"status":"passed","message":"","name":"C:/Users/mch/Desktop/FYP/FYP-MoeyChingWei/backend/test/template-renderer.test.js"},{"assertionResults":[{"ancestorTitles":["workflow party direction"],"fullName":"workflow party direction renders supplier invoices from the supplier to our company","status":"passed","title":"renders supplier invoices from the supplier to our company","duration":24.69270000000006,"failureMessages":[],"meta":{},"tags":[]},{"ancestorTitles":["workflow party direction"],"fullName":"workflow party direction renders the supplier logo in the invoice sender card","status":"passed","title":"renders the supplier logo in the invoice sender card","duration":0.7048999999999523,"failureMessages":[],"meta":{},"tags":[]},{"ancestorTitles":["workflow party direction"],"fullName":"workflow party direction keeps payment advice directed from our company to the supplier","status":"passed","title":"keeps payment advice directed from our company to the supplier","duration":0.636299999999892,"failureMessages":[],"meta":{},"tags":[]},{"ancestorTitles":["workflow party direction"],"fullName":"workflow party direction embeds an image payment proof for paid payment advice","status":"passed","title":"embeds an image payment proof for paid payment advice","duration":0.5650000000000546,"failureMessages":[],"meta":{},"tags":[]},{"ancestorTitles":["workflow party direction"],"fullName":"workflow party direction does not embed a payment proof for unpaid payment advice","status":"passed","title":"does not embed a payment proof for unpaid payment advice","duration":0.4995000000001255,"failureMessages":[],"meta":{},"tags":[]},{"ancestorTitles":["workflow party direction"],"fullName":"workflow party direction shows the complete bank account number on finance documents","status":"passed","title":"shows the complete bank account number on finance documents","duration":0.44630000000006476,"failureMessages":[],"meta":{},"tags":[]},{"ancestorTitles":["workflow party direction"],"fullName":"workflow party direction shows the organisation-configured payment term on a purchase order","status":"passed","title":"shows the organisation-configured payment term on a purchase order","duration":0.5000999999999749,"failureMessages":[],"meta":{},"tags":[]},{"ancestorTitles":["workflow party direction"],"fullName":"workflow party direction shows the selected payment term on a purchase request","status":"passed","title":"shows the selected payment term on a purchase request","duration":0.40629999999987376,"failureMessages":[],"meta":{},"tags":[]},{"ancestorTitles":["workflow party direction"],"fullName":"workflow party direction shows the selected payment term on an order acknowledgement","status":"passed","title":"shows the selected payment term on an order acknowledgement","duration":0.4673999999999978,"failureMessages":[],"meta":{},"tags":[]},{"ancestorTitles":["workflow party direction"],"fullName":"workflow party direction renders legacy payment-term codes as formal within-days labels","status":"passed","title":"renders legacy payment-term codes as formal within-days labels","duration":0.5754000000001724,"failureMessages":[],"meta":{},"tags":[]}],"startTime":1788421203173,"endTime":1788421203203.5754,"status":"passed","message":"","name":"C:/Users/mch/Desktop/FYP/FYP-MoeyChingWei/backend/test/workflow-html.test.js"},{"assertionResults":[{"ancestorTitles":["Analytics Agent Integration"],"fullName":"Analytics Agent Integration should format historical data for AI","status":"failed","title":"should format historical data for AI","duration":12474.5936,"failureMessages":["AssertionError: expected 0 to be greater than 0\n    at C:/Users/mch/Desktop/FYP/FYP-MoeyChingWei/backend/tests/ai-prediction.test.js:31:27\n    at processTicksAndRejections (node:internal/process/task_queues:104:5)\n    at file:///C:/Users/mch/Desktop/FYP/FYP-MoeyChingWei/backend/node_modules/@vitest/runner/dist/chunk-artifact.js:1903:20"],"meta":{},"tags":[]},{"ancestorTitles":["Analytics Agent Integration"],"fullName":"Analytics Agent Integration should handle AI response parsing","status":"passed","title":"should handle AI response parsing","duration":10060.524800000001,"failureMessages":[],"meta":{},"tags":[]}],"startTime":1788421139060,"endTime":1788421161594.525,"status":"failed","message":"","name":"C:/Users/mch/Desktop/FYP/FYP-MoeyChingWei/backend/tests/ai-prediction.test.js"},{"assertionResults":[{"ancestorTitles":["BudgetAdjustmentRequest Model"],"fullName":"BudgetAdjustmentRequest Model should create adjustment request with pending status","status":"skipped","title":"should create adjustment request with pending status","failureMessages":[],"meta":{},"tags":[]}],"startTime":1788421136811,"endTime":1788421136811,"status":"failed","message":"","name":"C:/Users/mch/Desktop/FYP/FYP-MoeyChingWei/backend/tests/budget-adjustment-request.test.js"},{"assertionResults":[{"ancestorTitles":["Budget Deduction Service"],"fullName":"Budget Deduction Service deductBudgetForPR should deduct amount when PR approved","status":"skipped","title":"deductBudgetForPR should deduct amount when PR approved","failureMessages":[],"meta":{},"tags":[]},{"ancestorTitles":["Budget Deduction Service"],"fullName":"Budget Deduction Service checkBudgetThresholds should trigger warning at 80%","status":"skipped","title":"checkBudgetThresholds should trigger warning at 80%","failureMessages":[],"meta":{},"tags":[]},{"ancestorTitles":["Budget Deduction Service"],"fullName":"Budget Deduction Service checkBudgetThresholds should trigger exceeded at 100%+","status":"skipped","title":"checkBudgetThresholds should trigger exceeded at 100%+","failureMessages":[],"meta":{},"tags":[]},{"ancestorTitles":["Budget Deduction Service"],"fullName":"Budget Deduction Service deductBudgetForPR should not deduct if status not APPROVED","status":"skipped","title":"deductBudgetForPR should not deduct if status not APPROVED","failureMessages":[],"meta":{},"tags":[]},{"ancestorTitles":["Budget Deduction Service"],"fullName":"Budget Deduction Service deductBudgetForPR should handle user without department","status":"skipped","title":"deductBudgetForPR should handle user without department","failureMessages":[],"meta":{},"tags":[]},{"ancestorTitles":["Budget Deduction Service"],"fullName":"Budget Deduction Service checkBudgetThresholds should notify all department executives in parallel","status":"skipped","title":"checkBudgetThresholds should notify all department executives in parallel","failureMessages":[],"meta":{},"tags":[]},{"ancestorTitles":["Budget Deduction Service"],"fullName":"Budget Deduction Service checkBudgetThresholds should notify all executives at 100% threshold","status":"skipped","title":"checkBudgetThresholds should notify all executives at 100% threshold","failureMessages":[],"meta":{},"tags":[]}],"startTime":1788421136811,"endTime":1788421136811,"status":"failed","message":"","name":"C:/Users/mch/Desktop/FYP/FYP-MoeyChingWei/backend/tests/budget-deduction-service.test.js"},{"assertionResults":[{"ancestorTitles":["Budget Prediction Service"],"fullName":"Budget Prediction Service should generate prediction for department with history","status":"skipped","title":"should generate prediction for department with history","failureMessages":[],"meta":{},"tags":[]},{"ancestorTitles":["Budget Prediction Service"],"fullName":"Budget Prediction Service should handle new department with no history","status":"skipped","title":"should handle new department with no history","failureMessages":[],"meta":{},"tags":[]},{"ancestorTitles":["Budget Prediction Service"],"fullName":"Budget Prediction Service should throw error when department not found","status":"skipped","title":"should throw error when department not found","failureMessages":[],"meta":{},"tags":[]},{"ancestorTitles":["Budget Prediction Service"],"fullName":"Budget Prediction Service should fallback to average when AI agent fails","status":"skipped","title":"should fallback to average when AI agent fails","failureMessages":[],"meta":{},"tags":[]}],"startTime":1788421136811,"endTime":1788421136811,"status":"failed","message":"","name":"C:/Users/mch/Desktop/FYP/FYP-MoeyChingWei/backend/tests/budget-prediction-service.test.js"},{"assertionResults":[{"ancestorTitles":["BudgetPrediction Model"],"fullName":"BudgetPrediction Model should create prediction with all fields","status":"skipped","title":"should create prediction with all fields","failureMessages":[],"meta":{},"tags":[]},{"ancestorTitles":["BudgetPrediction Model"],"fullName":"BudgetPrediction Model should allow null departmentId for new departments","status":"skipped","title":"should allow null departmentId for new departments","failureMessages":[],"meta":{},"tags":[]}],"startTime":1788421136811,"endTime":1788421136811,"status":"failed","message":"","name":"C:/Users/mch/Desktop/FYP/FYP-MoeyChingWei/backend/tests/budget-prediction.test.js"},{"assertionResults":[{"ancestorTitles":["Budget Scheduler"],"fullName":"Budget Scheduler should run predictions for all active departments","status":"skipped","title":"should run predictions for all active departments","failureMessages":[],"meta":{},"tags":[]},{"ancestorTitles":["Budget Scheduler"],"fullName":"Budget Scheduler should skip inactive departments","status":"skipped","title":"should skip inactive departments","failureMessages":[],"meta":{},"tags":[]},{"ancestorTitles":["Budget Scheduler"],"fullName":"Budget Scheduler should handle prediction failures gracefully","status":"skipped","title":"should handle prediction failures gracefully","failureMessages":[],"meta":{},"tags":[]},{"ancestorTitles":["Budget Scheduler"],"fullName":"Budget Scheduler should calculate correct target month and year","status":"skipped","title":"should calculate correct target month and year","failureMessages":[],"meta":{},"tags":[]},{"ancestorTitles":["Budget Scheduler"],"fullName":"Budget Scheduler should create notifications for department heads","status":"skipped","title":"should create notifications for department heads","failureMessages":[],"meta":{},"tags":[]}],"startTime":1788421136811,"endTime":1788421136811,"status":"failed","message":"","name":"C:/Users/mch/Desktop/FYP/FYP-MoeyChingWei/backend/tests/budget-scheduler.test.js"},{"assertionResults":[{"ancestorTitles":["Department Budget Routes","GET /api/department-budget/departments"],"fullName":"Department Budget Routes GET /api/department-budget/departments should return all departments ordered by name","status":"skipped","title":"should return all departments ordered by name","failureMessages":[],"meta":{},"tags":[]},{"ancestorTitles":["Department Budget Routes","Monthly Budget Endpoints","GET /api/department-budget/monthly/:departmentId"],"fullName":"Department Budget Routes Monthly Budget Endpoints GET /api/department-budget/monthly/:departmentId should return monthly budgets for department","status":"skipped","title":"should return monthly budgets for department","failureMessages":[],"meta":{},"tags":[]},{"ancestorTitles":["Department Budget Routes","Monthly Budget Endpoints","GET /api/department-budget/monthly/:departmentId"],"fullName":"Department Budget Routes Monthly Budget Endpoints GET /api/department-budget/monthly/:departmentId should filter by year and month","status":"skipped","title":"should filter by year and month","failureMessages":[],"meta":{},"tags":[]},{"ancestorTitles":["Department Budget Routes","Monthly Budget Endpoints","POST /api/department-budget/monthly"],"fullName":"Department Budget Routes Monthly Budget Endpoints POST /api/department-budget/monthly should create new monthly budget","status":"skipped","title":"should create new monthly budget","failureMessages":[],"meta":{},"tags":[]},{"ancestorTitles":["Department Budget Routes","Monthly Budget Endpoints","POST /api/department-budget/monthly"],"fullName":"Department Budget Routes Monthly Budget Endpoints POST /api/department-budget/monthly should reject duplicate month budget","status":"skipped","title":"should reject duplicate month budget","failureMessages":[],"meta":{},"tags":[]},{"ancestorTitles":["Department Budget Routes","Monthly Budget Endpoints","POST /api/department-budget/monthly"],"fullName":"Department Budget Routes Monthly Budget Endpoints POST /api/department-budget/monthly should reject missing required fields","status":"skipped","title":"should reject missing required fields","failureMessages":[],"meta":{},"tags":[]},{"ancestorTitles":["Department Budget Routes","Monthly Budget Endpoints","POST /api/department-budget/monthly"],"fullName":"Department Budget Routes Monthly Budget Endpoints POST /api/department-budget/monthly should reject invalid month","status":"skipped","title":"should reject invalid month","failureMessages":[],"meta":{},"tags":[]},{"ancestorTitles":["Department Budget Routes","Monthly Budget Endpoints","POST /api/department-budget/monthly"],"fullName":"Department Budget Routes Monthly Budget Endpoints POST /api/department-budget/monthly should reject negative allocatedAmount","status":"skipped","title":"should reject negative allocatedAmount","failureMessages":[],"meta":{},"tags":[]},{"ancestorTitles":["Department Budget Routes","Monthly Budget Endpoints","POST /api/department-budget/monthly"],"fullName":"Department Budget Routes Monthly Budget Endpoints POST /api/department-budget/monthly should reject zero allocatedAmount","status":"skipped","title":"should reject zero allocatedAmount","failureMessages":[],"meta":{},"tags":[]},{"ancestorTitles":["Department Budget Routes","Monthly Budget Endpoints","PATCH /api/department-budget/monthly/:id"],"fullName":"Department Budget Routes Monthly Budget Endpoints PATCH /api/department-budget/monthly/:id should update monthly budget","status":"skipped","title":"should update monthly budget","failureMessages":[],"meta":{},"tags":[]},{"ancestorTitles":["Department Budget Routes","Monthly Budget Endpoints","PATCH /api/department-budget/monthly/:id"],"fullName":"Department Budget Routes Monthly Budget Endpoints PATCH /api/department-budget/monthly/:id should return 404 for non-existent budget","status":"skipped","title":"should return 404 for non-existent budget","failureMessages":[],"meta":{},"tags":[]},{"ancestorTitles":["Department Budget Routes","Monthly Budget Endpoints","PATCH /api/department-budget/monthly/:id"],"fullName":"Department Budget Routes Monthly Budget Endpoints PATCH /api/department-budget/monthly/:id should reject negative allocatedAmount","status":"skipped","title":"should reject negative allocatedAmount","failureMessages":[],"meta":{},"tags":[]},{"ancestorTitles":["Department Budget Routes","Monthly Budget Endpoints","PATCH /api/department-budget/monthly/:id"],"fullName":"Department Budget Routes Monthly Budget Endpoints PATCH /api/department-budget/monthly/:id should reject update with no fields","status":"skipped","title":"should reject update with no fields","failureMessages":[],"meta":{},"tags":[]},{"ancestorTitles":["Department Budget Routes","Budget Prediction Trigger Endpoints","POST /api/department-budget/predict/manual"],"fullName":"Department Budget Routes Budget Prediction Trigger Endpoints POST /api/department-budget/predict/manual should trigger manual prediction for department","status":"skipped","title":"should trigger manual prediction for department","failureMessages":[],"meta":{},"tags":[]},{"ancestorTitles":["Department Budget Routes","Budget Prediction Trigger Endpoints","POST /api/department-budget/predict/manual"],"fullName":"Department Budget Routes Budget Prediction Trigger Endpoints POST /api/department-budget/predict/manual should return 400 for missing parameters","status":"skipped","title":"should return 400 for missing parameters","failureMessages":[],"meta":{},"tags":[]},{"ancestorTitles":["Department Budget Routes","Budget Prediction Trigger Endpoints","POST /api/department-budget/predict/batch"],"fullName":"Department Budget Routes Budget Prediction Trigger Endpoints POST /api/department-budget/predict/batch should trigger predictions for all active departments","status":"skipped","title":"should trigger predictions for all active departments","failureMessages":[],"meta":{},"tags":[]},{"ancestorTitles":["Department Budget Routes","Budget Adjustment Request Endpoints","POST /api/department-budget/adjustments"],"fullName":"Department Budget Routes Budget Adjustment Request Endpoints POST /api/department-budget/adjustments should create budget adjustment request","status":"skipped","title":"should create budget adjustment request","failureMessages":[],"meta":{},"tags":[]},{"ancestorTitles":["Department Budget Routes","Budget Adjustment Request Endpoints","POST /api/department-budget/adjustments"],"fullName":"Department Budget Routes Budget Adjustment Request Endpoints POST /api/department-budget/adjustments should return 400 for missing parameters","status":"skipped","title":"should return 400 for missing parameters","failureMessages":[],"meta":{},"tags":[]},{"ancestorTitles":["Department Budget Routes","Budget Adjustment Request Endpoints","GET /api/department-budget/adjustments"],"fullName":"Department Budget Routes Budget Adjustment Request Endpoints GET /api/department-budget/adjustments should get all adjustment requests","status":"skipped","title":"should get all adjustment requests","failureMessages":[],"meta":{},"tags":[]},{"ancestorTitles":["Department Budget Routes","Budget Adjustment Request Endpoints","GET /api/department-budget/adjustments"],"fullName":"Department Budget Routes Budget Adjustment Request Endpoints GET /api/department-budget/adjustments should filter by status","status":"skipped","title":"should filter by status","failureMessages":[],"meta":{},"tags":[]},{"ancestorTitles":["Department Budget Routes","Budget Adjustment Request Endpoints","GET /api/department-budget/adjustments"],"fullName":"Department Budget Routes Budget Adjustment Request Endpoints GET /api/department-budget/adjustments should filter by department","status":"skipped","title":"should filter by department","failureMessages":[],"meta":{},"tags":[]},{"ancestorTitles":["Department Budget Routes","Budget Adjustment Request Endpoints","PATCH /api/department-budget/adjustments/:id/approve"],"fullName":"Department Budget Routes Budget Adjustment Request Endpoints PATCH /api/department-budget/adjustments/:id/approve should approve adjustment request and update budget","status":"skipped","title":"should approve adjustment request and update budget","failureMessages":[],"meta":{},"tags":[]},{"ancestorTitles":["Department Budget Routes","Budget Adjustment Request Endpoints","PATCH /api/department-budget/adjustments/:id/reject"],"fullName":"Department Budget Routes Budget Adjustment Request Endpoints PATCH /api/department-budget/adjustments/:id/reject should reject adjustment request","status":"skipped","title":"should reject adjustment request","failureMessages":[],"meta":{},"tags":[]},{"ancestorTitles":["Department Budget Routes","Budget Prediction Retrieval Endpoints","GET /api/department-budget/predictions/:departmentId"],"fullName":"Department Budget Routes Budget Prediction Retrieval Endpoints GET /api/department-budget/predictions/:departmentId should return all predictions for department","status":"skipped","title":"should return all predictions for department","failureMessages":[],"meta":{},"tags":[]},{"ancestorTitles":["Department Budget Routes","Budget Prediction Retrieval Endpoints","GET /api/department-budget/predictions/:departmentId"],"fullName":"Department Budget Routes Budget Prediction Retrieval Endpoints GET /api/department-budget/predictions/:departmentId should filter predictions by year and month","status":"skipped","title":"should filter predictions by year and month","failureMessages":[],"meta":{},"tags":[]},{"ancestorTitles":["Department Budget Routes","Budget Prediction Retrieval Endpoints","GET /api/department-budget/predictions/:departmentId"],"fullName":"Department Budget Routes Budget Prediction Retrieval Endpoints GET /api/department-budget/predictions/:departmentId should filter predictions by confidence","status":"skipped","title":"should filter predictions by confidence","failureMessages":[],"meta":{},"tags":[]},{"ancestorTitles":["Department Budget Routes","Budget Prediction Retrieval Endpoints","GET /api/department-budget/predictions/:departmentId"],"fullName":"Department Budget Routes Budget Prediction Retrieval Endpoints GET /api/department-budget/predictions/:departmentId should filter predictions by triggerType","status":"skipped","title":"should filter predictions by triggerType","failureMessages":[],"meta":{},"tags":[]},{"ancestorTitles":["Department Budget Routes","Budget Prediction Retrieval Endpoints","GET /api/department-budget/predictions/:departmentId"],"fullName":"Department Budget Routes Budget Prediction Retrieval Endpoints GET /api/department-budget/predictions/:departmentId should limit number of predictions returned","status":"skipped","title":"should limit number of predictions returned","failureMessages":[],"meta":{},"tags":[]},{"ancestorTitles":["Department Budget Routes","Budget Prediction Retrieval Endpoints","GET /api/department-budget/predictions/:departmentId"],"fullName":"Department Budget Routes Budget Prediction Retrieval Endpoints GET /api/department-budget/predictions/:departmentId should include department and triggeredByUser information","status":"skipped","title":"should include department and triggeredByUser information","failureMessages":[],"meta":{},"tags":[]},{"ancestorTitles":["Department Budget Routes","Budget Prediction Retrieval Endpoints","GET /api/department-budget/predictions/:departmentId"],"fullName":"Department Budget Routes Budget Prediction Retrieval Endpoints GET /api/department-budget/predictions/:departmentId should return predictions in correct order","status":"skipped","title":"should return predictions in correct order","failureMessages":[],"meta":{},"tags":[]},{"ancestorTitles":["Department Budget Routes","Budget Prediction Retrieval Endpoints","GET /api/department-budget/predictions/:departmentId"],"fullName":"Department Budget Routes Budget Prediction Retrieval Endpoints GET /api/department-budget/predictions/:departmentId should parse predictedAmount as float","status":"skipped","title":"should parse predictedAmount as float","failureMessages":[],"meta":{},"tags":[]},{"ancestorTitles":["Department Budget Routes","Budget Prediction Retrieval Endpoints","GET /api/department-budget/predictions/single/:id"],"fullName":"Department Budget Routes Budget Prediction Retrieval Endpoints GET /api/department-budget/predictions/single/:id should return single prediction by ID","status":"skipped","title":"should return single prediction by ID","failureMessages":[],"meta":{},"tags":[]},{"ancestorTitles":["Department Budget Routes","Budget Prediction Retrieval Endpoints","GET /api/department-budget/predictions/single/:id"],"fullName":"Department Budget Routes Budget Prediction Retrieval Endpoints GET /api/department-budget/predictions/single/:id should return 404 for non-existent prediction","status":"skipped","title":"should return 404 for non-existent prediction","failureMessages":[],"meta":{},"tags":[]},{"ancestorTitles":["Department Budget Routes","Budget Prediction Retrieval Endpoints","GET /api/department-budget/predictions/single/:id"],"fullName":"Department Budget Routes Budget Prediction Retrieval Endpoints GET /api/department-budget/predictions/single/:id should parse predictedAmount as float","status":"skipped","title":"should parse predictedAmount as float","failureMessages":[],"meta":{},"tags":[]},{"ancestorTitles":["Department Budget Routes","Budget Usage Endpoints","GET /api/department-budget/usage/:departmentId"],"fullName":"Department Budget Routes Budget Usage Endpoints GET /api/department-budget/usage/:departmentId should return budget usage summary","status":"skipped","title":"should return budget usage summary","failureMessages":[],"meta":{},"tags":[]},{"ancestorTitles":["Department Budget Routes","Budget Usage Endpoints","GET /api/department-budget/usage/:departmentId"],"fullName":"Department Budget Routes Budget Usage Endpoints GET /api/department-budget/usage/:departmentId should return 404 for non-existent budget","status":"skipped","title":"should return 404 for non-existent budget","failureMessages":[],"meta":{},"tags":[]},{"ancestorTitles":["Department Budget Routes","Budget Usage Endpoints","POST /api/department-budget/usage/deduct"],"fullName":"Department Budget Routes Budget Usage Endpoints POST /api/department-budget/usage/deduct should deduct budget for approved PR","status":"skipped","title":"should deduct budget for approved PR","failureMessages":[],"meta":{},"tags":[]},{"ancestorTitles":["Department Budget Routes","Budget Prediction Retrieval Endpoints","GET /api/department-budget/predictions/:departmentId"],"fullName":"Department Budget Routes Budget Prediction Retrieval Endpoints GET /api/department-budget/predictions/:departmentId should return all predictions for department","status":"skipped","title":"should return all predictions for department","failureMessages":[],"meta":{},"tags":[]},{"ancestorTitles":["Department Budget Routes","Budget Prediction Retrieval Endpoints","GET /api/department-budget/predictions/:departmentId"],"fullName":"Department Budget Routes Budget Prediction Retrieval Endpoints GET /api/department-budget/predictions/:departmentId should filter predictions by year and month","status":"skipped","title":"should filter predictions by year and month","failureMessages":[],"meta":{},"tags":[]},{"ancestorTitles":["Department Budget Routes","Budget Prediction Retrieval Endpoints","GET /api/department-budget/predictions/:departmentId"],"fullName":"Department Budget Routes Budget Prediction Retrieval Endpoints GET /api/department-budget/predictions/:departmentId should filter predictions by confidence level","status":"skipped","title":"should filter predictions by confidence level","failureMessages":[],"meta":{},"tags":[]},{"ancestorTitles":["Department Budget Routes","Budget Prediction Retrieval Endpoints","GET /api/department-budget/predictions/:departmentId"],"fullName":"Department Budget Routes Budget Prediction Retrieval Endpoints GET /api/department-budget/predictions/:departmentId should filter predictions by trigger type","status":"skipped","title":"should filter predictions by trigger type","failureMessages":[],"meta":{},"tags":[]},{"ancestorTitles":["Department Budget Routes","Budget Prediction Retrieval Endpoints","GET /api/department-budget/predictions/:departmentId"],"fullName":"Department Budget Routes Budget Prediction Retrieval Endpoints GET /api/department-budget/predictions/:departmentId should limit results when limit parameter provided","status":"skipped","title":"should limit results when limit parameter provided","failureMessages":[],"meta":{},"tags":[]},{"ancestorTitles":["Department Budget Routes","Budget Prediction Retrieval Endpoints","GET /api/department-budget/predictions/single/:id"],"fullName":"Department Budget Routes Budget Prediction Retrieval Endpoints GET /api/department-budget/predictions/single/:id should return single prediction by ID","status":"skipped","title":"should return single prediction by ID","failureMessages":[],"meta":{},"tags":[]},{"ancestorTitles":["Department Budget Routes","Budget Prediction Retrieval Endpoints","GET /api/department-budget/predictions/single/:id"],"fullName":"Department Budget Routes Budget Prediction Retrieval Endpoints GET /api/department-budget/predictions/single/:id should return 404 for non-existent prediction","status":"skipped","title":"should return 404 for non-existent prediction","failureMessages":[],"meta":{},"tags":[]},{"ancestorTitles":["Department Budget Routes","Historical Comparison and Analytics Endpoints","GET /api/department-budget/historical/:departmentId"],"fullName":"Department Budget Routes Historical Comparison and Analytics Endpoints GET /api/department-budget/historical/:departmentId should return historical data with last-3-months preset","status":"skipped","title":"should return historical data with last-3-months preset","failureMessages":[],"meta":{},"tags":[]},{"ancestorTitles":["Department Budget Routes","Historical Comparison and Analytics Endpoints","GET /api/department-budget/historical/:departmentId"],"fullName":"Department Budget Routes Historical Comparison and Analytics Endpoints GET /api/department-budget/historical/:departmentId should return historical data with last-6-months preset","status":"skipped","title":"should return historical data with last-6-months preset","failureMessages":[],"meta":{},"tags":[]},{"ancestorTitles":["Department Budget Routes","Historical Comparison and Analytics Endpoints","GET /api/department-budget/historical/:departmentId"],"fullName":"Department Budget Routes Historical Comparison and Analytics Endpoints GET /api/department-budget/historical/:departmentId should return historical data with year-over-year preset","status":"skipped","title":"should return historical data with year-over-year preset","failureMessages":[],"meta":{},"tags":[]},{"ancestorTitles":["Department Budget Routes","Historical Comparison and Analytics Endpoints","GET /api/department-budget/historical/:departmentId"],"fullName":"Department Budget Routes Historical Comparison and Analytics Endpoints GET /api/department-budget/historical/:departmentId should return historical data with custom date range","status":"skipped","title":"should return historical data with custom date range","failureMessages":[],"meta":{},"tags":[]},{"ancestorTitles":["Department Budget Routes","Historical Comparison and Analytics Endpoints","GET /api/department-budget/historical/:departmentId"],"fullName":"Department Budget Routes Historical Comparison and Analytics Endpoints GET /api/department-budget/historical/:departmentId should calculate summary statistics correctly","status":"skipped","title":"should calculate summary statistics correctly","failureMessages":[],"meta":{},"tags":[]},{"ancestorTitles":["Department Budget Routes","Historical Comparison and Analytics Endpoints","GET /api/department-budget/historical/:departmentId"],"fullName":"Department Budget Routes Historical Comparison and Analytics Endpoints GET /api/department-budget/historical/:departmentId should return 400 for invalid (non-numeric) departmentId","status":"skipped","title":"should return 400 for invalid (non-numeric) departmentId","failureMessages":[],"meta":{},"tags":[]},{"ancestorTitles":["Department Budget Routes","Historical Comparison and Analytics Endpoints","GET /api/department-budget/historical/:departmentId"],"fullName":"Department Budget Routes Historical Comparison and Analytics Endpoints GET /api/department-budget/historical/:departmentId should return 404 for non-existent departmentId","status":"skipped","title":"should return 404 for non-existent departmentId","failureMessages":[],"meta":{},"tags":[]},{"ancestorTitles":["Department Budget Routes","Historical Comparison and Analytics Endpoints","GET /api/department-budget/historical/:departmentId"],"fullName":"Department Budget Routes Historical Comparison and Analytics Endpoints GET /api/department-budget/historical/:departmentId should return 400 for malformed date format","status":"skipped","title":"should return 400 for malformed date format","failureMessages":[],"meta":{},"tags":[]},{"ancestorTitles":["Department Budget Routes","Historical Comparison and Analytics Endpoints","GET /api/department-budget/spending-trends/:departmentId"],"fullName":"Department Budget Routes Historical Comparison and Analytics Endpoints GET /api/department-budget/spending-trends/:departmentId should return spending trends by category and month","status":"skipped","title":"should return spending trends by category and month","failureMessages":[],"meta":{},"tags":[]},{"ancestorTitles":["Department Budget Routes","Historical Comparison and Analytics Endpoints","GET /api/department-budget/spending-trends/:departmentId"],"fullName":"Department Budget Routes Historical Comparison and Analytics Endpoints GET /api/department-budget/spending-trends/:departmentId should return spending trends with date range filter","status":"skipped","title":"should return spending trends with date range filter","failureMessages":[],"meta":{},"tags":[]},{"ancestorTitles":["Department Budget Routes","Historical Comparison and Analytics Endpoints","GET /api/department-budget/spending-trends/:departmentId"],"fullName":"Department Budget Routes Historical Comparison and Analytics Endpoints GET /api/department-budget/spending-trends/:departmentId should aggregate spending by category correctly","status":"skipped","title":"should aggregate spending by category correctly","failureMessages":[],"meta":{},"tags":[]},{"ancestorTitles":["Department Budget Routes","Historical Comparison and Analytics Endpoints","GET /api/department-budget/spending-trends/:departmentId"],"fullName":"Department Budget Routes Historical Comparison and Analytics Endpoints GET /api/department-budget/spending-trends/:departmentId should aggregate spending by month correctly","status":"skipped","title":"should aggregate spending by month correctly","failureMessages":[],"meta":{},"tags":[]},{"ancestorTitles":["Department Budget Routes","Historical Comparison and Analytics Endpoints","GET /api/department-budget/spending-trends/:departmentId"],"fullName":"Department Budget Routes Historical Comparison and Analytics Endpoints GET /api/department-budget/spending-trends/:departmentId should calculate total spent correctly","status":"skipped","title":"should calculate total spent correctly","failureMessages":[],"meta":{},"tags":[]},{"ancestorTitles":["Department Budget Routes","Historical Comparison and Analytics Endpoints","GET /api/department-budget/spending-trends/:departmentId"],"fullName":"Department Budget Routes Historical Comparison and Analytics Endpoints GET /api/department-budget/spending-trends/:departmentId should return 400 for invalid (non-numeric) departmentId","status":"skipped","title":"should return 400 for invalid (non-numeric) departmentId","failureMessages":[],"meta":{},"tags":[]},{"ancestorTitles":["Department Budget Routes","Historical Comparison and Analytics Endpoints","GET /api/department-budget/spending-trends/:departmentId"],"fullName":"Department Budget Routes Historical Comparison and Analytics Endpoints GET /api/department-budget/spending-trends/:departmentId should return 404 for non-existent departmentId","status":"skipped","title":"should return 404 for non-existent departmentId","failureMessages":[],"meta":{},"tags":[]},{"ancestorTitles":["Department Budget Routes","Historical Comparison and Analytics Endpoints","GET /api/department-budget/spending-trends/:departmentId"],"fullName":"Department Budget Routes Historical Comparison and Analytics Endpoints GET /api/department-budget/spending-trends/:departmentId should return 400 for malformed date format","status":"skipped","title":"should return 400 for malformed date format","failureMessages":[],"meta":{},"tags":[]}],"startTime":1788421136811,"endTime":1788421136811,"status":"failed","message":"","name":"C:/Users/mch/Desktop/FYP/FYP-MoeyChingWei/backend/tests/department-budget-routes.test.js"},{"assertionResults":[{"ancestorTitles":["Department Model"],"fullName":"Department Model should create department with required fields","status":"failed","title":"should create department with required fields","duration":2.901999999999987,"failureMessages":["TypeError: Cannot read properties of undefined (reading 'create')\n    at C:/Users/mch/Desktop/FYP/FYP-MoeyChingWei/backend/tests/department.test.js:27:42\n    at file:///C:/Users/mch/Desktop/FYP/FYP-MoeyChingWei/backend/node_modules/@vitest/runner/dist/chunk-artifact.js:302:11\n    at file:///C:/Users/mch/Desktop/FYP/FYP-MoeyChingWei/backend/node_modules/@vitest/runner/dist/chunk-artifact.js:1903:26\n    at file:///C:/Users/mch/Desktop/FYP/FYP-MoeyChingWei/backend/node_modules/@vitest/runner/dist/chunk-artifact.js:2326:20\n    at new Promise (<anonymous>)\n    at runWithCancel (file:///C:/Users/mch/Desktop/FYP/FYP-MoeyChingWei/backend/node_modules/@vitest/runner/dist/chunk-artifact.js:2323:10)\n    at file:///C:/Users/mch/Desktop/FYP/FYP-MoeyChingWei/backend/node_modules/@vitest/runner/dist/chunk-artifact.js:2305:20\n    at new Promise (<anonymous>)\n    at runWithTimeout (file:///C:/Users/mch/Desktop/FYP/FYP-MoeyChingWei/backend/node_modules/@vitest/runner/dist/chunk-artifact.js:2272:10)\n    at file:///C:/Users/mch/Desktop/FYP/FYP-MoeyChingWei/backend/node_modules/@vitest/runner/dist/chunk-artifact.js:2955:64"],"meta":{},"tags":[]}],"startTime":1788421178836,"endTime":1788421178838.902,"status":"failed","message":"","name":"C:/Users/mch/Desktop/FYP/FYP-MoeyChingWei/backend/tests/department.test.js"},{"assertionResults":[{"ancestorTitles":["risk-adjusted forecast calculation"],"fullName":"risk-adjusted forecast calculation keeps the base forecast separate from reserve and future events","status":"passed","title":"keeps the base forecast separate from reserve and future events","duration":1.4233999999999867,"failureMessages":[],"meta":{},"tags":[]},{"ancestorTitles":["risk-adjusted forecast calculation"],"fullName":"risk-adjusted forecast calculation does not add a reserve when no uncertainty evidence exists","status":"passed","title":"does not add a reserve when no uncertainty evidence exists","duration":0.1396000000000015,"failureMessages":[],"meta":{},"tags":[]}],"startTime":1788421208548,"endTime":1788421208549.4233,"status":"passed","message":"","name":"C:/Users/mch/Desktop/FYP/FYP-MoeyChingWei/backend/tests/forecast-risk-adjustment-service.test.js"},{"assertionResults":[{"ancestorTitles":["forecast risk signal classification"],"fullName":"forecast risk signal classification identifies an urgent replacement as an emergency signal","status":"passed","title":"identifies an urgent replacement as an emergency signal","duration":1.7072000000000003,"failureMessages":[],"meta":{},"tags":[]},{"ancestorTitles":["forecast risk signal classification"],"fullName":"forecast risk signal classification classifies a planned implementation as a project signal","status":"passed","title":"classifies a planned implementation as a project signal","duration":0.22059999999999036,"failureMessages":[],"meta":{},"tags":[]},{"ancestorTitles":["forecast risk signal classification"],"fullName":"forecast risk signal classification keeps ordinary requests unclassified without inventing a risk","status":"passed","title":"keeps ordinary requests unclassified without inventing a risk","duration":0.16270000000000095,"failureMessages":[],"meta":{},"tags":[]}],"startTime":1788421208353,"endTime":1788421208355.1626,"status":"passed","message":"","name":"C:/Users/mch/Desktop/FYP/FYP-MoeyChingWei/backend/tests/forecast-risk-signals.test.js"},{"assertionResults":[{"ancestorTitles":["Historical Spending Aggregation"],"fullName":"Historical Spending Aggregation should aggregate approved PRs by month","status":"skipped","title":"should aggregate approved PRs by month","failureMessages":[],"meta":{},"tags":[]},{"ancestorTitles":["Historical Spending Aggregation"],"fullName":"Historical Spending Aggregation should group by item category","status":"skipped","title":"should group by item category","failureMessages":[],"meta":{},"tags":[]}],"startTime":1788421136811,"endTime":1788421136811,"status":"failed","message":"","name":"C:/Users/mch/Desktop/FYP/FYP-MoeyChingWei/backend/tests/historical-spending.test.js"},{"assertionResults":[{"ancestorTitles":["MonthlyBudget Model"],"fullName":"MonthlyBudget Model should create monthly budget with unique constraint","status":"skipped","title":"should create monthly budget with unique constraint","failureMessages":[],"meta":{},"tags":[]},{"ancestorTitles":["MonthlyBudget Model"],"fullName":"MonthlyBudget Model should reject duplicate department-year-month","status":"skipped","title":"should reject duplicate department-year-month","failureMessages":[],"meta":{},"tags":[]}],"startTime":1788421136811,"endTime":1788421136811,"status":"failed","message":"","name":"C:/Users/mch/Desktop/FYP/FYP-MoeyChingWei/backend/tests/monthly-budget.test.js"},{"assertionResults":[{"ancestorTitles":["New Department Handling"],"fullName":"New Department Handling should find similar departments by name pattern","status":"skipped","title":"should find similar departments by name pattern","failureMessages":[],"meta":{},"tags":[]},{"ancestorTitles":["New Department Handling"],"fullName":"New Department Handling should create prediction based on similar department","status":"skipped","title":"should create prediction based on similar department","failureMessages":[],"meta":{},"tags":[]}],"startTime":1788421136811,"endTime":1788421136811,"status":"failed","message":"","name":"C:/Users/mch/Desktop/FYP/FYP-MoeyChingWei/backend/tests/new-department.test.js"},{"assertionResults":[{"ancestorTitles":["Notification Service"],"fullName":"Notification Service sendNotification should create notification","status":"passed","title":"sendNotification should create notification","duration":9.075400000000172,"failureMessages":[],"meta":{},"tags":[]},{"ancestorTitles":["Notification Service"],"fullName":"Notification Service notifyBudgetPredictionReady should create prediction notification","status":"passed","title":"notifyBudgetPredictionReady should create prediction notification","duration":3.8308999999999287,"failureMessages":[],"meta":{},"tags":[]},{"ancestorTitles":["Notification Service"],"fullName":"Notification Service notifyBudgetThreshold should create threshold notification","status":"passed","title":"notifyBudgetThreshold should create threshold notification","duration":2.419700000000148,"failureMessages":[],"meta":{},"tags":[]},{"ancestorTitles":["Notification Service"],"fullName":"Notification Service notifyBudgetAdjustmentRequested should create adjustment request notification","status":"passed","title":"notifyBudgetAdjustmentRequested should create adjustment request notification","duration":2.512200000000121,"failureMessages":[],"meta":{},"tags":[]},{"ancestorTitles":["Notification Service"],"fullName":"Notification Service notifyBudgetExceeded should create exceeded notification","status":"passed","title":"notifyBudgetExceeded should create exceeded notification","duration":2.9501000000000204,"failureMessages":[],"meta":{},"tags":[]},{"ancestorTitles":["Notification Service"],"fullName":"Notification Service notifyBudgetAdjustmentApproved should create approval notification","status":"passed","title":"notifyBudgetAdjustmentApproved should create approval notification","duration":4.060399999999845,"failureMessages":[],"meta":{},"tags":[]},{"ancestorTitles":["Notification Service"],"fullName":"Notification Service notifyBudgetAdjustmentRejected should create rejection notification","status":"passed","title":"notifyBudgetAdjustmentRejected should create rejection notification","duration":3.0383999999999105,"failureMessages":[],"meta":{},"tags":[]},{"ancestorTitles":["Notification Service"],"fullName":"Notification Service notifyNewDepartmentSuggestion should create department suggestion notification","status":"passed","title":"notifyNewDepartmentSuggestion should create department suggestion notification","duration":2.937599999999975,"failureMessages":[],"meta":{},"tags":[]}],"startTime":1788421201696,"endTime":1788421201726.9375,"status":"passed","message":"","name":"C:/Users/mch/Desktop/FYP/FYP-MoeyChingWei/backend/tests/notification-service.test.js"},{"assertionResults":[{"ancestorTitles":["risk-adjusted prediction persistence"],"fullName":"risk-adjusted prediction persistence stores base forecast and risk-adjusted scenarios separately","status":"passed","title":"stores base forecast and risk-adjusted scenarios separately","duration":161.5906,"failureMessages":[],"meta":{},"tags":[]}],"startTime":1788421198063,"endTime":1788421198224.5906,"status":"passed","message":"","name":"C:/Users/mch/Desktop/FYP/FYP-MoeyChingWei/backend/tests/risk-adjusted-prediction.integration.test.js"},{"assertionResults":[{"ancestorTitles":["Department Seed Script"],"fullName":"Department Seed Script should extract unique departments from users","status":"failed","title":"should extract unique departments from users","duration":2.6125999999999863,"failureMessages":["TypeError: Cannot read properties of undefined (reading 'createMany')\n    at C:/Users/mch/Desktop/FYP/FYP-MoeyChingWei/backend/tests/seed-departments.test.js:42:37\n    at file:///C:/Users/mch/Desktop/FYP/FYP-MoeyChingWei/backend/node_modules/@vitest/runner/dist/chunk-artifact.js:302:11\n    at file:///C:/Users/mch/Desktop/FYP/FYP-MoeyChingWei/backend/node_modules/@vitest/runner/dist/chunk-artifact.js:1903:26\n    at file:///C:/Users/mch/Desktop/FYP/FYP-MoeyChingWei/backend/node_modules/@vitest/runner/dist/chunk-artifact.js:2326:20\n    at new Promise (<anonymous>)\n    at runWithCancel (file:///C:/Users/mch/Desktop/FYP/FYP-MoeyChingWei/backend/node_modules/@vitest/runner/dist/chunk-artifact.js:2323:10)\n    at file:///C:/Users/mch/Desktop/FYP/FYP-MoeyChingWei/backend/node_modules/@vitest/runner/dist/chunk-artifact.js:2305:20\n    at new Promise (<anonymous>)\n    at runWithTimeout (file:///C:/Users/mch/Desktop/FYP/FYP-MoeyChingWei/backend/node_modules/@vitest/runner/dist/chunk-artifact.js:2272:10)\n    at file:///C:/Users/mch/Desktop/FYP/FYP-MoeyChingWei/backend/node_modules/@vitest/runner/dist/chunk-artifact.js:2955:64"],"meta":{},"tags":[]},{"ancestorTitles":["Department Seed Script"],"fullName":"Department Seed Script should handle case-insensitive duplicates","status":"failed","title":"should handle case-insensitive duplicates","duration":0.3552999999999997,"failureMessages":["TypeError: Cannot read properties of undefined (reading 'createMany')\n    at C:/Users/mch/Desktop/FYP/FYP-MoeyChingWei/backend/tests/seed-departments.test.js:89:23\n    at file:///C:/Users/mch/Desktop/FYP/FYP-MoeyChingWei/backend/node_modules/@vitest/runner/dist/chunk-artifact.js:302:11\n    at file:///C:/Users/mch/Desktop/FYP/FYP-MoeyChingWei/backend/node_modules/@vitest/runner/dist/chunk-artifact.js:1903:26\n    at file:///C:/Users/mch/Desktop/FYP/FYP-MoeyChingWei/backend/node_modules/@vitest/runner/dist/chunk-artifact.js:2326:20\n    at new Promise (<anonymous>)\n    at runWithCancel (file:///C:/Users/mch/Desktop/FYP/FYP-MoeyChingWei/backend/node_modules/@vitest/runner/dist/chunk-artifact.js:2323:10)\n    at file:///C:/Users/mch/Desktop/FYP/FYP-MoeyChingWei/backend/node_modules/@vitest/runner/dist/chunk-artifact.js:2305:20\n    at new Promise (<anonymous>)\n    at runWithTimeout (file:///C:/Users/mch/Desktop/FYP/FYP-MoeyChingWei/backend/node_modules/@vitest/runner/dist/chunk-artifact.js:2272:10)\n    at file:///C:/Users/mch/Desktop/FYP/FYP-MoeyChingWei/backend/node_modules/@vitest/runner/dist/chunk-artifact.js:2955:64"],"meta":{},"tags":[]}],"startTime":1788421176868,"endTime":1788421176871.3552,"status":"failed","message":"","name":"C:/Users/mch/Desktop/FYP/FYP-MoeyChingWei/backend/tests/seed-departments.test.js"},{"assertionResults":[{"ancestorTitles":["supplier invoice to payment API"],"fullName":"supplier invoice to payment API enforces the received GRN, submit, reject/resubmit, approve and paid workflow","status":"passed","title":"enforces the received GRN, submit, reject/resubmit, approve and paid workflow","duration":4278.6448,"failureMessages":[],"meta":{},"tags":[]},{"ancestorTitles":["supplier invoice to payment API"],"fullName":"supplier invoice to payment API prevents suppliers from approving or processing payments","status":"passed","title":"prevents suppliers from approving or processing payments","duration":9.522399999999834,"failureMessages":[],"meta":{},"tags":[]},{"ancestorTitles":["supplier invoice to payment API"],"fullName":"supplier invoice to payment API enforces non-submitted state transitions, supplier record isolation, no-bank PDFs, and Admin actions","status":"passed","title":"enforces non-submitted state transitions, supplier record isolation, no-bank PDFs, and Admin actions","duration":2169.1890999999996,"failureMessages":[],"meta":{},"tags":[]}],"startTime":1788421184293,"endTime":1788421190750.1892,"status":"passed","message":"","name":"C:/Users/mch/Desktop/FYP/FYP-MoeyChingWei/backend/tests/supplier-finance-flow.test.js"},{"assertionResults":[{"ancestorTitles":["upcoming event validation"],"fullName":"upcoming event validation normalizes a valid manager event","status":"passed","title":"normalizes a valid manager event","duration":1.418500000000023,"failureMessages":[],"meta":{},"tags":[]},{"ancestorTitles":["upcoming event validation"],"fullName":"upcoming event validation rejects invalid month, impact, and likelihood","status":"passed","title":"rejects invalid month, impact, and likelihood","duration":0.25619999999997844,"failureMessages":[],"meta":{},"tags":[]},{"ancestorTitles":["upcoming event validation"],"fullName":"upcoming event validation uses explicit scenario weights","status":"passed","title":"uses explicit scenario weights","duration":0.20849999999998658,"failureMessages":[],"meta":{},"tags":[]}],"startTime":1788421208150,"endTime":1788421208152.256,"status":"passed","message":"","name":"C:/Users/mch/Desktop/FYP/FYP-MoeyChingWei/backend/tests/upcoming-event-service.test.js"},{"assertionResults":[{"ancestorTitles":["upcoming forecast event routes"],"fullName":"upcoming forecast event routes creates, lists, and cancels a manager-provided event","status":"passed","title":"creates, lists, and cancels a manager-provided event","duration":52.16169999999988,"failureMessages":[],"meta":{},"tags":[]},{"ancestorTitles":["upcoming forecast event routes"],"fullName":"upcoming forecast event routes validates event impact before writing","status":"passed","title":"validates event impact before writing","duration":2.4266000000000076,"failureMessages":[],"meta":{},"tags":[]}],"startTime":1788421200034,"endTime":1788421200089.4265,"status":"passed","message":"","name":"C:/Users/mch/Desktop/FYP/FYP-MoeyChingWei/backend/tests/upcoming-events-routes.test.js"},{"assertionResults":[{"ancestorTitles":["Budget Prediction Flow Integration","Manual Prediction Trigger"],"fullName":"Budget Prediction Flow Integration Manual Prediction Trigger should generate prediction, save to DB, and send notification","status":"skipped","title":"should generate prediction, save to DB, and send notification","failureMessages":[],"meta":{},"tags":[]},{"ancestorTitles":["Budget Prediction Flow Integration","Manual Prediction Trigger"],"fullName":"Budget Prediction Flow Integration Manual Prediction Trigger should handle prediction failure and send failure notification","status":"skipped","title":"should handle prediction failure and send failure notification","failureMessages":[],"meta":{},"tags":[]},{"ancestorTitles":["Budget Prediction Flow Integration","Automatic Prediction Trigger"],"fullName":"Budget Prediction Flow Integration Automatic Prediction Trigger should generate predictions for all active departments","status":"skipped","title":"should generate predictions for all active departments","failureMessages":[],"meta":{},"tags":[]},{"ancestorTitles":["Budget Prediction Flow Integration","Prediction with Similar Department Fallback"],"fullName":"Budget Prediction Flow Integration Prediction with Similar Department Fallback should use similar department data when new department has no history","status":"skipped","title":"should use similar department data when new department has no history","failureMessages":[],"meta":{},"tags":[]}],"startTime":1788421136811,"endTime":1788421136811,"status":"failed","message":"","name":"C:/Users/mch/Desktop/FYP/FYP-MoeyChingWei/backend/tests/integration/budget-prediction-flow.test.js"},{"assertionResults":[{"ancestorTitles":["file-validator","validateFile"],"fullName":"file-validator validateFile should reject when no file is provided","status":"passed","title":"should reject when no file is provided","duration":1.5857000000000028,"failureMessages":[],"meta":{},"tags":[]},{"ancestorTitles":["file-validator","validateFile"],"fullName":"file-validator validateFile should reject files exceeding 10MB","status":"passed","title":"should reject files exceeding 10MB","duration":0.280399999999986,"failureMessages":[],"meta":{},"tags":[]},{"ancestorTitles":["file-validator","validateFile"],"fullName":"file-validator validateFile should accept valid JPEG image","status":"passed","title":"should accept valid JPEG image","duration":0.2335999999999956,"failureMessages":[],"meta":{},"tags":[]},{"ancestorTitles":["file-validator","validateFile"],"fullName":"file-validator validateFile should accept valid PNG image","status":"passed","title":"should accept valid PNG image","duration":0.20310000000000628,"failureMessages":[],"meta":{},"tags":[]},{"ancestorTitles":["file-validator","validateFile"],"fullName":"file-validator validateFile should accept valid PDF file","status":"passed","title":"should accept valid PDF file","duration":0.17650000000000432,"failureMessages":[],"meta":{},"tags":[]},{"ancestorTitles":["file-validator","validateFile"],"fullName":"file-validator validateFile should accept valid Excel file (xlsx)","status":"passed","title":"should accept valid Excel file (xlsx)","duration":0.13910000000001332,"failureMessages":[],"meta":{},"tags":[]},{"ancestorTitles":["file-validator","validateFile"],"fullName":"file-validator validateFile should accept valid CSV file","status":"passed","title":"should accept valid CSV file","duration":0.13210000000000832,"failureMessages":[],"meta":{},"tags":[]},{"ancestorTitles":["file-validator","validateFile"],"fullName":"file-validator validateFile should accept valid Word file (docx)","status":"passed","title":"should accept valid Word file (docx)","duration":0.13159999999999172,"failureMessages":[],"meta":{},"tags":[]},{"ancestorTitles":["file-validator","validateFile"],"fullName":"file-validator validateFile should accept valid text file","status":"passed","title":"should accept valid text file","duration":0.1706000000000074,"failureMessages":[],"meta":{},"tags":[]},{"ancestorTitles":["file-validator","validateFile"],"fullName":"file-validator validateFile should reject unsupported file types","status":"passed","title":"should reject unsupported file types","duration":0.17910000000000537,"failureMessages":[],"meta":{},"tags":[]},{"ancestorTitles":["file-validator","validateFile"],"fullName":"file-validator validateFile should reject files with invalid extensions","status":"passed","title":"should reject files with invalid extensions","duration":0.17070000000001073,"failureMessages":[],"meta":{},"tags":[]},{"ancestorTitles":["file-validator","validateFile"],"fullName":"file-validator validateFile should handle files with uppercase extensions","status":"passed","title":"should handle files with uppercase extensions","duration":0.17029999999999745,"failureMessages":[],"meta":{},"tags":[]},{"ancestorTitles":["file-validator","validateFile"],"fullName":"file-validator validateFile should accept GIF images","status":"passed","title":"should accept GIF images","duration":0.13939999999999486,"failureMessages":[],"meta":{},"tags":[]},{"ancestorTitles":["file-validator","validateFile"],"fullName":"file-validator validateFile should accept WebP images","status":"passed","title":"should accept WebP images","duration":0.10739999999998417,"failureMessages":[],"meta":{},"tags":[]},{"ancestorTitles":["file-validator","getFileTypeFromMime"],"fullName":"file-validator getFileTypeFromMime should return \"image\" for image MIME types","status":"passed","title":"should return \"image\" for image MIME types","duration":0.1495000000000175,"failureMessages":[],"meta":{},"tags":[]},{"ancestorTitles":["file-validator","getFileTypeFromMime"],"fullName":"file-validator getFileTypeFromMime should return \"pdf\" for PDF MIME type","status":"passed","title":"should return \"pdf\" for PDF MIME type","duration":0.06799999999998363,"failureMessages":[],"meta":{},"tags":[]},{"ancestorTitles":["file-validator","getFileTypeFromMime"],"fullName":"file-validator getFileTypeFromMime should return \"excel\" for Excel MIME types","status":"passed","title":"should return \"excel\" for Excel MIME types","duration":0.07179999999999609,"failureMessages":[],"meta":{},"tags":[]},{"ancestorTitles":["file-validator","getFileTypeFromMime"],"fullName":"file-validator getFileTypeFromMime should return null for unsupported MIME types","status":"passed","title":"should return null for unsupported MIME types","duration":0.08799999999999386,"failureMessages":[],"meta":{},"tags":[]},{"ancestorTitles":["file-validator","getFileTypeFromMime"],"fullName":"file-validator getFileTypeFromMime should handle case-insensitive MIME types","status":"passed","title":"should handle case-insensitive MIME types","duration":0.06830000000002201,"failureMessages":[],"meta":{},"tags":[]},{"ancestorTitles":["file-validator","isImage"],"fullName":"file-validator isImage should return true for \"image\" file type","status":"passed","title":"should return true for \"image\" file type","duration":0.0730000000000075,"failureMessages":[],"meta":{},"tags":[]},{"ancestorTitles":["file-validator","isImage"],"fullName":"file-validator isImage should return false for non-image file types","status":"passed","title":"should return false for non-image file types","duration":0.09239999999999782,"failureMessages":[],"meta":{},"tags":[]}],"startTime":1788421207900,"endTime":1788421207904.1494,"status":"passed","message":"","name":"C:/Users/mch/Desktop/FYP/FYP-MoeyChingWei/backend/utils/__tests__/file-validator.test.js"},{"assertionResults":[{"ancestorTitles":["Budget Adjustment Approval Workflow Integration","Submit Adjustment Request"],"fullName":"Budget Adjustment Approval Workflow Integration Submit Adjustment Request should create adjustment request and notify finance manager","status":"skipped","title":"should create adjustment request and notify finance manager","failureMessages":[],"meta":{},"tags":[]},{"ancestorTitles":["Budget Adjustment Approval Workflow Integration","Submit Adjustment Request"],"fullName":"Budget Adjustment Approval Workflow Integration Submit Adjustment Request should reject invalid adjustment request","status":"skipped","title":"should reject invalid adjustment request","failureMessages":[],"meta":{},"tags":[]},{"ancestorTitles":["Budget Adjustment Approval Workflow Integration","Approve Adjustment Request"],"fullName":"Budget Adjustment Approval Workflow Integration Approve Adjustment Request should approve request, update budget, and notify requester","status":"skipped","title":"should approve request, update budget, and notify requester","failureMessages":[],"meta":{},"tags":[]},{"ancestorTitles":["Budget Adjustment Approval Workflow Integration","Approve Adjustment Request"],"fullName":"Budget Adjustment Approval Workflow Integration Approve Adjustment Request should prevent double approval","status":"skipped","title":"should prevent double approval","failureMessages":[],"meta":{},"tags":[]},{"ancestorTitles":["Budget Adjustment Approval Workflow Integration","Reject Adjustment Request"],"fullName":"Budget Adjustment Approval Workflow Integration Reject Adjustment Request should reject request, not update budget, and notify requester","status":"skipped","title":"should reject request, not update budget, and notify requester","failureMessages":[],"meta":{},"tags":[]},{"ancestorTitles":["Budget Adjustment Approval Workflow Integration","Reject Adjustment Request"],"fullName":"Budget Adjustment Approval Workflow Integration Reject Adjustment Request should require rejection comment","status":"skipped","title":"should require rejection comment","failureMessages":[],"meta":{},"tags":[]},{"ancestorTitles":["Budget Adjustment Approval Workflow Integration","Multiple Adjustment Requests"],"fullName":"Budget Adjustment Approval Workflow Integration Multiple Adjustment Requests should handle multiple additional requests for same period","status":"skipped","title":"should handle multiple additional requests for same period","failureMessages":[],"meta":{},"tags":[]},{"ancestorTitles":["Budget Adjustment Approval Workflow Integration","Multiple Adjustment Requests"],"fullName":"Budget Adjustment Approval Workflow Integration Multiple Adjustment Requests should reject second increase request for same period","status":"skipped","title":"should reject second increase request for same period","failureMessages":[],"meta":{},"tags":[]}],"startTime":1788421136811,"endTime":1788421136811,"status":"failed","message":"\nInvalid `prisma.department.create()` invocation in\nC:/Users/mch/Desktop/FYP/FYP-MoeyChingWei/backend/__tests__/integration/budget-adjustment-workflow.test.js:50:44\n\n  47 prisma = prismaModule.default;\n  48 \n  49 // Create test department\n→ 50 testDepartment = await prisma.department.create({\n       data: {\n         code: \"TEST_ADJ\",\n         name: \"Test Adjustment Department\",\n         isActive: true,\n     +   updatedAt: DateTime\n       }\n     })\n\nArgument `updatedAt` is missing.","name":"C:/Users/mch/Desktop/FYP/FYP-MoeyChingWei/backend/__tests__/integration/budget-adjustment-workflow.test.js"},{"assertionResults":[{"ancestorTitles":["Budget Deduction on PR Approval Integration","Budget Deduction"],"fullName":"Budget Deduction on PR Approval Integration Budget Deduction should deduct budget when PR is approved","status":"skipped","title":"should deduct budget when PR is approved","failureMessages":[],"meta":{},"tags":[]},{"ancestorTitles":["Budget Deduction on PR Approval Integration","Budget Deduction"],"fullName":"Budget Deduction on PR Approval Integration Budget Deduction should send warning notification when crossing 80% threshold","status":"skipped","title":"should send warning notification when crossing 80% threshold","failureMessages":[],"meta":{},"tags":[]},{"ancestorTitles":["Budget Deduction on PR Approval Integration","Budget Deduction"],"fullName":"Budget Deduction on PR Approval Integration Budget Deduction should send exceeded notification when crossing 100% threshold","status":"skipped","title":"should send exceeded notification when crossing 100% threshold","failureMessages":[],"meta":{},"tags":[]},{"ancestorTitles":["Budget Deduction on PR Approval Integration","Budget Deduction"],"fullName":"Budget Deduction on PR Approval Integration Budget Deduction should not send duplicate notifications","status":"skipped","title":"should not send duplicate notifications","failureMessages":[],"meta":{},"tags":[]},{"ancestorTitles":["Budget Deduction on PR Approval Integration","Budget Deduction"],"fullName":"Budget Deduction on PR Approval Integration Budget Deduction should handle PR without department gracefully","status":"skipped","title":"should handle PR without department gracefully","failureMessages":[],"meta":{},"tags":[]},{"ancestorTitles":["Budget Deduction on PR Approval Integration","Budget Deduction"],"fullName":"Budget Deduction on PR Approval Integration Budget Deduction should handle non-approved PR status","status":"skipped","title":"should handle non-approved PR status","failureMessages":[],"meta":{},"tags":[]},{"ancestorTitles":["Budget Deduction on PR Approval Integration","Atomic Budget Updates"],"fullName":"Budget Deduction on PR Approval Integration Atomic Budget Updates should handle concurrent deductions atomically","status":"skipped","title":"should handle concurrent deductions atomically","failureMessages":[],"meta":{},"tags":[]}],"startTime":1788421136811,"endTime":1788421136811,"status":"failed","message":"","name":"C:/Users/mch/Desktop/FYP/FYP-MoeyChingWei/backend/__tests__/integration/budget-deduction.test.js"},{"assertionResults":[{"ancestorTitles":["Budget Notification Delivery Integration","BUDGET_THRESHOLD_WARNING Notification"],"fullName":"Budget Notification Delivery Integration BUDGET_THRESHOLD_WARNING Notification should create and deliver warning notification at 80% threshold","status":"skipped","title":"should create and deliver warning notification at 80% threshold","failureMessages":[],"meta":{},"tags":[]},{"ancestorTitles":["Budget Notification Delivery Integration","BUDGET_EXCEEDED Notification"],"fullName":"Budget Notification Delivery Integration BUDGET_EXCEEDED Notification should create and deliver exceeded notification at 100% threshold","status":"skipped","title":"should create and deliver exceeded notification at 100% threshold","failureMessages":[],"meta":{},"tags":[]},{"ancestorTitles":["Budget Notification Delivery Integration","BUDGET_PREDICTION_READY Notification"],"fullName":"Budget Notification Delivery Integration BUDGET_PREDICTION_READY Notification should create and deliver prediction ready notification","status":"skipped","title":"should create and deliver prediction ready notification","failureMessages":[],"meta":{},"tags":[]},{"ancestorTitles":["Budget Notification Delivery Integration","BUDGET_ADJUSTMENT_REQUESTED Notification"],"fullName":"Budget Notification Delivery Integration BUDGET_ADJUSTMENT_REQUESTED Notification should create and deliver adjustment requested notification to finance","status":"skipped","title":"should create and deliver adjustment requested notification to finance","failureMessages":[],"meta":{},"tags":[]},{"ancestorTitles":["Budget Notification Delivery Integration","BUDGET_ADJUSTMENT_APPROVED Notification"],"fullName":"Budget Notification Delivery Integration BUDGET_ADJUSTMENT_APPROVED Notification should create and deliver adjustment approved notification to requester","status":"skipped","title":"should create and deliver adjustment approved notification to requester","failureMessages":[],"meta":{},"tags":[]},{"ancestorTitles":["Budget Notification Delivery Integration","BUDGET_ADJUSTMENT_REJECTED Notification"],"fullName":"Budget Notification Delivery Integration BUDGET_ADJUSTMENT_REJECTED Notification should create and deliver adjustment rejected notification to requester","status":"skipped","title":"should create and deliver adjustment rejected notification to requester","failureMessages":[],"meta":{},"tags":[]},{"ancestorTitles":["Budget Notification Delivery Integration","NEW_DEPARTMENT_SUGGESTION Notification"],"fullName":"Budget Notification Delivery Integration NEW_DEPARTMENT_SUGGESTION Notification should create and deliver new department suggestion notification","status":"skipped","title":"should create and deliver new department suggestion notification","failureMessages":[],"meta":{},"tags":[]},{"ancestorTitles":["Budget Notification Delivery Integration","Notification Delivery to Correct Users"],"fullName":"Budget Notification Delivery Integration Notification Delivery to Correct Users should deliver threshold warnings to specific users","status":"skipped","title":"should deliver threshold warnings to specific users","failureMessages":[],"meta":{},"tags":[]},{"ancestorTitles":["Budget Notification Delivery Integration","Notification Delivery to Correct Users"],"fullName":"Budget Notification Delivery Integration Notification Delivery to Correct Users should deliver adjustment requests to finance users","status":"skipped","title":"should deliver adjustment requests to finance users","failureMessages":[],"meta":{},"tags":[]},{"ancestorTitles":["Budget Notification Delivery Integration","Notification Mark as Read"],"fullName":"Budget Notification Delivery Integration Notification Mark as Read should mark notification as read when user acknowledges it","status":"skipped","title":"should mark notification as read when user acknowledges it","failureMessages":[],"meta":{},"tags":[]},{"ancestorTitles":["Budget Notification Delivery Integration","Notification Filtering and Querying"],"fullName":"Budget Notification Delivery Integration Notification Filtering and Querying should retrieve notifications for a specific user","status":"skipped","title":"should retrieve notifications for a specific user","failureMessages":[],"meta":{},"tags":[]},{"ancestorTitles":["Budget Notification Delivery Integration","Notification Filtering and Querying"],"fullName":"Budget Notification Delivery Integration Notification Filtering and Querying should filter notifications by read status","status":"skipped","title":"should filter notifications by read status","failureMessages":[],"meta":{},"tags":[]},{"ancestorTitles":["Budget Notification Delivery Integration","Notification Data Integrity"],"fullName":"Budget Notification Delivery Integration Notification Data Integrity should store correct reference data for budget notifications","status":"skipped","title":"should store correct reference data for budget notifications","failureMessages":[],"meta":{},"tags":[]},{"ancestorTitles":["Budget Notification Delivery Integration","Notification Data Integrity"],"fullName":"Budget Notification Delivery Integration Notification Data Integrity should store correct reference data for adjustment notifications","status":"skipped","title":"should store correct reference data for adjustment notifications","failureMessages":[],"meta":{},"tags":[]}],"startTime":1788421136811,"endTime":1788421136811,"status":"failed","message":"","name":"C:/Users/mch/Desktop/FYP/FYP-MoeyChingWei/backend/__tests__/integration/budget-notifications.test.js"}]}